_GET is: 
Array
(
)

_GET is: 
Array
(
    [doing_wp_cron] => 1378737138.2096650600433349609375
)

_GET is: 
Array
(
    [XDEBUG_SESSION_START] => ECLIPSE_DBGP
    [KEY] => 13787382514361
)

_GET is: 
Array
(
    [XDEBUG_SESSION_START] => ECLIPSE_DBGP
    [KEY] => 13787382514361
)

_GET is: 
Array
(
    [XDEBUG_SESSION_START] => ECLIPSE_DBGP
    [KEY] => 13787382514361
)

_GET is: 
Array
(
    [XDEBUG_SESSION_START] => ECLIPSE_DBGP
    [KEY] => 13787386922812
)

_GET is: 
Array
(
    [XDEBUG_SESSION_START] => ECLIPSE_DBGP
    [KEY] => 13787386922812
)

